[0820/040937.084:ERROR:process_memory_win.cc(73)] ReadMemory at 0x7ff7494e0000 of 64 bytes failed: Seule une partie d’une requête ReadProcessMemory ou WriteProcessMemory a été effectuée. (0x12B)
[0820/040937.084:WARNING:pe_image_reader.cc(340)] could not read dos header from C:\Program Files (x86)\Google\Chrome\Application\chrome.exe
[0820/040937.084:ERROR:process_memory_win.cc(73)] ReadMemory at 0x7ffc6fec0000 of 64 bytes failed: Seule une partie d’une requête ReadProcessMemory ou WriteProcessMemory a été effectuée. (0x12B)
[0820/040937.084:WARNING:pe_image_reader.cc(340)] could not read dos header from C:\WINDOWS\SYSTEM32\ntdll.dll
[0820/040937.084:ERROR:process_memory_win.cc(73)] ReadMemory at 0x7ffc6f6c0000 of 64 bytes failed: Seule une partie d’une requête ReadProcessMemory ou WriteProcessMemory a été effectuée. (0x12B)
[0820/040937.085:WARNING:pe_image_reader.cc(340)] could not read dos header from C:\WINDOWS\System32\KERNEL32.DLL
[0820/040937.085:ERROR:process_memory_win.cc(73)] ReadMemory at 0x7ffc6c840000 of 64 bytes failed: Seule une partie d’une requête ReadProcessMemory ou WriteProcessMemory a été effectuée. (0x12B)
[0820/040937.085:WARNING:pe_image_reader.cc(340)] could not read dos header from C:\WINDOWS\System32\KERNELBASE.dll
[0820/040937.085:ERROR:process_memory_win.cc(73)] ReadMemory at 0x7ffc3a970000 of 64 bytes failed: Seule une partie d’une requête ReadProcessMemory ou WriteProcessMemory a été effectuée. (0x12B)
[0820/040937.085:WARNING:pe_image_reader.cc(340)] could not read dos header from C:\Program Files (x86)\Google\Chrome\Application\84.0.4147.125\chrome_elf.dll
[0820/040937.085:ERROR:process_memory_win.cc(73)] ReadMemory at 0x7ffc667b0000 of 64 bytes failed: Seule une partie d’une requête ReadProcessMemory ou WriteProcessMemory a été effectuée. (0x12B)
[0820/040937.085:WARNING:pe_image_reader.cc(340)] could not read dos header from C:\WINDOWS\SYSTEM32\VERSION.dll
[0820/040937.085:ERROR:process_memory_win.cc(73)] ReadMemory at 0x7ffc6e360000 of 64 bytes failed: Seule une partie d’une requête ReadProcessMemory ou WriteProcessMemory a été effectuée. (0x12B)
[0820/040937.085:WARNING:pe_image_reader.cc(340)] could not read dos header from C:\WINDOWS\System32\msvcrt.dll
[0820/040937.085:ERROR:process_memory_win.cc(73)] ReadMemory at 0x7ffc6d560000 of 64 bytes failed: Seule une partie d’une requête ReadProcessMemory ou WriteProcessMemory a été effectuée. (0x12B)
[0820/040937.085:WARNING:pe_image_reader.cc(340)] could not read dos header from C:\WINDOWS\System32\bcryptPrimitives.dll
[0820/040937.085:ERROR:process_memory_win.cc(73)] ReadMemory at 0x7ffc6e8b0000 of 64 bytes failed: Seule une partie d’une requête ReadProcessMemory ou WriteProcessMemory a été effectuée. (0x12B)
[0820/040937.085:WARNING:pe_image_reader.cc(340)] could not read dos header from C:\WINDOWS\System32\ADVAPI32.dll
[0820/040937.085:ERROR:process_memory_win.cc(73)] ReadMemory at 0x7ffc6e660000 of 64 bytes failed: Seule une partie d’une requête ReadProcessMemory ou WriteProcessMemory a été effectuée. (0x12B)
[0820/040937.085:WARNING:pe_image_reader.cc(340)] could not read dos header from C:\WINDOWS\System32\sechost.dll
[0820/040937.085:ERROR:process_memory_win.cc(73)] ReadMemory at 0x7ffc6fb50000 of 64 bytes failed: Seule une partie d’une requête ReadProcessMemory ou WriteProcessMemory a été effectuée. (0x12B)
[0820/040937.085:WARNING:pe_image_reader.cc(340)] could not read dos header from C:\WINDOWS\System32\RPCRT4.dll
[0820/040937.085:ERROR:process_memory_win.cc(73)] ReadMemory at 0x7ffbf6e40000 of 64 bytes failed: Seule une partie d’une requête ReadProcessMemory ou WriteProcessMemory a été effectuée. (0x12B)
[0820/040937.085:WARNING:pe_image_reader.cc(340)] could not read dos header from C:\Program Files (x86)\Google\Chrome\Application\84.0.4147.125\chrome.dll
[0820/040937.085:ERROR:process_memory_win.cc(73)] ReadMemory at 0x7ffc6fe10000 of 64 bytes failed: Seule une partie d’une requête ReadProcessMemory ou WriteProcessMemory a été effectuée. (0x12B)
[0820/040937.085:WARNING:pe_image_reader.cc(340)] could not read dos header from C:\WINDOWS\System32\WS2_32.dll
[0820/040937.085:ERROR:process_memory_win.cc(73)] ReadMemory at 0x7ffc6fa00000 of 64 bytes failed: Seule une partie d’une requête ReadProcessMemory ou WriteProcessMemory a été effectuée. (0x12B)
[0820/040937.085:WARNING:pe_image_reader.cc(340)] could not read dos header from C:\WINDOWS\System32\OLEAUT32.dll
[0820/040937.085:ERROR:process_memory_win.cc(73)] ReadMemory at 0x7ffc6c7a0000 of 64 bytes failed: Seule une partie d’une requête ReadProcessMemory ou WriteProcessMemory a été effectuée. (0x12B)
[0820/040937.085:WARNING:pe_image_reader.cc(340)] could not read dos header from C:\WINDOWS\System32\msvcp_win.dll
[0820/040937.085:ERROR:process_memory_win.cc(73)] ReadMemory at 0x7ffc6cbf0000 of 64 bytes failed: Seule une partie d’une requête ReadProcessMemory ou WriteProcessMemory a été effectuée. (0x12B)
[0820/040937.085:WARNING:pe_image_reader.cc(340)] could not read dos header from C:\WINDOWS\System32\ucrtbase.dll
[0820/040937.085:ERROR:process_memory_win.cc(73)] ReadMemory at 0x7ffc6dbe0000 of 64 bytes failed: Seule une partie d’une requête ReadProcessMemory ou WriteProcessMemory a été effectuée. (0x12B)
[0820/040937.085:WARNING:pe_image_reader.cc(340)] could not read dos header from C:\WINDOWS\System32\combase.dll
[0820/040937.085:ERROR:process_memory_win.cc(73)] ReadMemory at 0x7ffc6d4b0000 of 64 bytes failed: Seule une partie d’une requête ReadProcessMemory ou WriteProcessMemory a été effectuée. (0x12B)
[0820/040937.085:WARNING:pe_image_reader.cc(340)] could not read dos header from C:\WINDOWS\System32\WINTRUST.dll
[0820/040937.085:ERROR:process_memory_win.cc(73)] ReadMemory at 0x7ffc6c3f0000 of 64 bytes failed: Seule une partie d’une requête ReadProcessMemory ou WriteProcessMemory a été effectuée. (0x12B)
[0820/040937.085:WARNING:pe_image_reader.cc(340)] could not read dos header from C:\WINDOWS\System32\MSASN1.dll
[0820/040937.085:ERROR:process_memory_win.cc(73)] ReadMemory at 0x7ffc6c4b0000 of 64 bytes failed: Seule une partie d’une requête ReadProcessMemory ou WriteProcessMemory a été effectuée. (0x12B)
[0820/040937.085:WARNING:pe_image_reader.cc(340)] could not read dos header from C:\WINDOWS\System32\CRYPT32.dll
[0820/040937.085:ERROR:process_memory_win.cc(73)] ReadMemory at 0x7ffc6b900000 of 64 bytes failed: Seule une partie d’une requête ReadProcessMemory ou WriteProcessMemory a été effectuée. (0x12B)
[0820/040937.085:WARNING:pe_image_reader.cc(340)] could not read dos header from C:\WINDOWS\SYSTEM32\IPHLPAPI.DLL
[0820/040937.085:ERROR:process_memory_win.cc(73)] ReadMemory at 0x7ffc69bd0000 of 64 bytes failed: Seule une partie d’une requête ReadProcessMemory ou WriteProcessMemory a été effectuée. (0x12B)
[0820/040937.085:WARNING:pe_image_reader.cc(340)] could not read dos header from C:\WINDOWS\SYSTEM32\WINMM.dll
[0820/040937.085:ERROR:process_memory_win.cc(73)] ReadMemory at 0x7ffc5f790000 of 64 bytes failed: Seule une partie d’une requête ReadProcessMemory ou WriteProcessMemory a été effectuée. (0x12B)
[0820/040937.085:WARNING:pe_image_reader.cc(340)] could not read dos header from C:\WINDOWS\SYSTEM32\Secur32.dll
[0820/040937.085:ERROR:process_memory_win.cc(73)] ReadMemory at 0x7ffc6c300000 of 64 bytes failed: Seule une partie d’une requête ReadProcessMemory ou WriteProcessMemory a été effectuée. (0x12B)
[0820/040937.085:WARNING:pe_image_reader.cc(340)] could not read dos header from C:\WINDOWS\SYSTEM32\USERENV.dll
[0820/040937.085:ERROR:process_memory_win.cc(73)] ReadMemory at 0x7ffc6c460000 of 64 bytes failed: Seule une partie d’une requête ReadProcessMemory ou WriteProcessMemory a été effectuée. (0x12B)
[0820/040937.085:WARNING:pe_image_reader.cc(340)] could not read dos header from C:\WINDOWS\System32\profapi.dll
[0820/040937.086:ERROR:process_memory_win.cc(73)] ReadMemory at 0x7ffc44cb0000 of 64 bytes failed: Seule une partie d’une requête ReadProcessMemory ou WriteProcessMemory a été effectuée. (0x12B)
[0820/040937.086:WARNING:pe_image_reader.cc(340)] could not read dos header from C:\WINDOWS\SYSTEM32\UIAutomationCore.DLL
[0820/040937.086:ERROR:process_memory_win.cc(73)] ReadMemory at 0x7ffc61410000 of 64 bytes failed: Seule une partie d’une requête ReadProcessMemory ou WriteProcessMemory a été effectuée. (0x12B)
[0820/040937.086:WARNING:pe_image_reader.cc(340)] could not read dos header from C:\WINDOWS\SYSTEM32\DWrite.dll
[0820/040937.086:ERROR:process_memory_win.cc(73)] ReadMemory at 0x7ffc41320000 of 64 bytes failed: Seule une partie d’une requête ReadProcessMemory ou WriteProcessMemory a été effectuée. (0x12B)
[0820/040937.086:WARNING:pe_image_reader.cc(340)] could not read dos header from C:\WINDOWS\SYSTEM32\WINSPOOL.DRV
[0820/040937.086:ERROR:process_memory_win.cc(73)] ReadMemory at 0x7ffc6c490000 of 64 bytes failed: Seule une partie d’une requête ReadProcessMemory ou WriteProcessMemory a été effectuée. (0x12B)
[0820/040937.086:WARNING:pe_image_reader.cc(340)] could not read dos header from C:\WINDOWS\System32\kernel.appcore.dll
[0820/040937.086:ERROR:process_memory_win.cc(73)] ReadMemory at 0x7ffc6ccf0000 of 64 bytes failed: Seule une partie d’une requête ReadProcessMemory ou WriteProcessMemory a été effectuée. (0x12B)
[0820/040937.086:WARNING:pe_image_reader.cc(340)] could not read dos header from C:\WINDOWS\System32\bcrypt.dll
[0820/040937.086:ERROR:process_memory_win.cc(73)] ReadMemory at 0x7ffc6ac70000 of 64 bytes failed: Seule une partie d’une requête ReadProcessMemory ou WriteProcessMemory a été effectuée. (0x12B)
[0820/040937.086:WARNING:pe_image_reader.cc(340)] could not read dos header from C:\WINDOWS\SYSTEM32\dbghelp.dll
[0820/040937.086:ERROR:process_memory_win.cc(73)] ReadMemory at 0x7ffc640e0000 of 64 bytes failed: Seule une partie d’une requête ReadProcessMemory ou WriteProcessMemory a été effectuée. (0x12B)
[0820/040937.086:WARNING:pe_image_reader.cc(340)] could not read dos header from C:\WINDOWS\SYSTEM32\WINHTTP.dll
[0820/040937.086:ERROR:process_memory_win.cc(73)] ReadMemory at 0x7ffc66a10000 of 64 bytes failed: Seule une partie d’une requête ReadProcessMemory ou WriteProcessMemory a été effectuée. (0x12B)
[0820/040937.086:WARNING:pe_image_reader.cc(340)] could not read dos header from C:\WINDOWS\SYSTEM32\dhcpcsvc.DLL
[0820/040937.086:ERROR:process_memory_win.cc(73)] ReadMemory at 0x7ffc6f1e0000 of 64 bytes failed: Seule une partie d’une requête ReadProcessMemory ou WriteProcessMemory a été effectuée. (0x12B)
[0820/040937.086:WARNING:pe_image_reader.cc(340)] could not read dos header from C:\WINDOWS\System32\NSI.dll
[0820/040937.086:ERROR:process_memory_win.cc(73)] ReadMemory at 0x7ffc69ba0000 of 64 bytes failed: Seule une partie d’une requête ReadProcessMemory ou WriteProcessMemory a été effectuée. (0x12B)
[0820/040937.086:WARNING:pe_image_reader.cc(340)] could not read dos header from C:\WINDOWS\SYSTEM32\WINMMBASE.dll
[0820/040937.086:ERROR:process_memory_win.cc(73)] ReadMemory at 0x7ffc6d510000 of 64 bytes failed: Seule une partie d’une requête ReadProcessMemory ou WriteProcessMemory a été effectuée. (0x12B)
[0820/040937.086:WARNING:pe_image_reader.cc(340)] could not read dos header from C:\WINDOWS\System32\cfgmgr32.dll
[0820/040937.086:ERROR:process_memory_win.cc(73)] ReadMemory at 0x7ffc68760000 of 64 bytes failed: Seule une partie d’une requête ReadProcessMemory ou WriteProcessMemory a été effectuée. (0x12B)
[0820/040937.086:WARNING:pe_image_reader.cc(340)] could not read dos header from C:\WINDOWS\SYSTEM32\PROPSYS.dll
[0820/040937.086:ERROR:process_memory_win.cc(73)] ReadMemory at 0x7ffc6e200000 of 64 bytes failed: Seule une partie d’une requête ReadProcessMemory ou WriteProcessMemory a été effectuée. (0x12B)
[0820/040937.086:WARNING:pe_image_reader.cc(340)] could not read dos header from C:\WINDOWS\System32\shcore.dll
[0820/040937.086:ERROR:process_memory_win.cc(73)] ReadMemory at 0x7ffc6c2d0000 of 64 bytes failed: Seule une partie d’une requête ReadProcessMemory ou WriteProcessMemory a été effectuée. (0x12B)
[0820/040937.086:WARNING:pe_image_reader.cc(340)] could not read dos header from C:\WINDOWS\SYSTEM32\SSPICLI.DLL
[0820/040937.086:ERROR:process_memory_win.cc(73)] ReadMemory at 0x7ffc6bdc0000 of 64 bytes failed: Seule une partie d’une requête ReadProcessMemory ou WriteProcessMemory a été effectuée. (0x12B)
[0820/040937.086:WARNING:pe_image_reader.cc(340)] could not read dos header from C:\WINDOWS\SYSTEM32\CRYPTBASE.DLL
[0820/040937.089:ERROR:process_memory_win.cc(73)] ReadMemory at 0x7ff7494e0000 of 64 bytes failed: Seule une partie d’une requête ReadProcessMemory ou WriteProcessMemory a été effectuée. (0x12B)
[0820/040937.089:WARNING:pe_image_reader.cc(340)] could not read dos header from C:\Program Files (x86)\Google\Chrome\Application\chrome.exe
[0820/040937.089:ERROR:process_memory_win.cc(73)] ReadMemory at 0x7ffc6fec0000 of 64 bytes failed: Seule une partie d’une requête ReadProcessMemory ou WriteProcessMemory a été effectuée. (0x12B)
[0820/040937.089:WARNING:pe_image_reader.cc(340)] could not read dos header from C:\WINDOWS\SYSTEM32\ntdll.dll
[0820/040937.089:ERROR:process_memory_win.cc(73)] ReadMemory at 0x7ffc6f6c0000 of 64 bytes failed: Seule une partie d’une requête ReadProcessMemory ou WriteProcessMemory a été effectuée. (0x12B)
[0820/040937.089:WARNING:pe_image_reader.cc(340)] could not read dos header from C:\WINDOWS\System32\KERNEL32.DLL
[0820/040937.089:ERROR:process_memory_win.cc(73)] ReadMemory at 0x7ffc6c840000 of 64 bytes failed: Seule une partie d’une requête ReadProcessMemory ou WriteProcessMemory a été effectuée. (0x12B)
[0820/040937.089:WARNING:pe_image_reader.cc(340)] could not read dos header from C:\WINDOWS\System32\KERNELBASE.dll
[0820/040937.089:ERROR:process_memory_win.cc(73)] ReadMemory at 0x7ffc3a970000 of 64 bytes failed: Seule une partie d’une requête ReadProcessMemory ou WriteProcessMemory a été effectuée. (0x12B)
[0820/040937.089:WARNING:pe_image_reader.cc(340)] could not read dos header from C:\Program Files (x86)\Google\Chrome\Application\84.0.4147.125\chrome_elf.dll
[0820/040937.089:ERROR:process_memory_win.cc(73)] ReadMemory at 0x7ffc667b0000 of 64 bytes failed: Seule une partie d’une requête ReadProcessMemory ou WriteProcessMemory a été effectuée. (0x12B)
[0820/040937.089:WARNING:pe_image_reader.cc(340)] could not read dos header from C:\WINDOWS\SYSTEM32\VERSION.dll
[0820/040937.089:ERROR:process_memory_win.cc(73)] ReadMemory at 0x7ffc6e360000 of 64 bytes failed: Seule une partie d’une requête ReadProcessMemory ou WriteProcessMemory a été effectuée. (0x12B)
[0820/040937.089:WARNING:pe_image_reader.cc(340)] could not read dos header from C:\WINDOWS\System32\msvcrt.dll
[0820/040937.089:ERROR:process_memory_win.cc(73)] ReadMemory at 0x7ffc6d560000 of 64 bytes failed: Seule une partie d’une requête ReadProcessMemory ou WriteProcessMemory a été effectuée. (0x12B)
[0820/040937.089:WARNING:pe_image_reader.cc(340)] could not read dos header from C:\WINDOWS\System32\bcryptPrimitives.dll
[0820/040937.089:ERROR:process_memory_win.cc(73)] ReadMemory at 0x7ffc6e8b0000 of 64 bytes failed: Seule une partie d’une requête ReadProcessMemory ou WriteProcessMemory a été effectuée. (0x12B)
[0820/040937.089:WARNING:pe_image_reader.cc(340)] could not read dos header from C:\WINDOWS\System32\ADVAPI32.dll
[0820/040937.089:ERROR:process_memory_win.cc(73)] ReadMemory at 0x7ffc6e660000 of 64 bytes failed: Seule une partie d’une requête ReadProcessMemory ou WriteProcessMemory a été effectuée. (0x12B)
[0820/040937.089:WARNING:pe_image_reader.cc(340)] could not read dos header from C:\WINDOWS\System32\sechost.dll
[0820/040937.089:ERROR:process_memory_win.cc(73)] ReadMemory at 0x7ffc6fb50000 of 64 bytes failed: Seule une partie d’une requête ReadProcessMemory ou WriteProcessMemory a été effectuée. (0x12B)
[0820/040937.089:WARNING:pe_image_reader.cc(340)] could not read dos header from C:\WINDOWS\System32\RPCRT4.dll
[0820/040937.089:ERROR:process_memory_win.cc(73)] ReadMemory at 0x7ffbf6e40000 of 64 bytes failed: Seule une partie d’une requête ReadProcessMemory ou WriteProcessMemory a été effectuée. (0x12B)
[0820/040937.089:WARNING:pe_image_reader.cc(340)] could not read dos header from C:\Program Files (x86)\Google\Chrome\Application\84.0.4147.125\chrome.dll
[0820/040937.089:ERROR:process_memory_win.cc(73)] ReadMemory at 0x7ffc6fe10000 of 64 bytes failed: Seule une partie d’une requête ReadProcessMemory ou WriteProcessMemory a été effectuée. (0x12B)
[0820/040937.089:WARNING:pe_image_reader.cc(340)] could not read dos header from C:\WINDOWS\System32\WS2_32.dll
[0820/040937.089:ERROR:process_memory_win.cc(73)] ReadMemory at 0x7ffc6fa00000 of 64 bytes failed: Seule une partie d’une requête ReadProcessMemory ou WriteProcessMemory a été effectuée. (0x12B)
[0820/040937.089:WARNING:pe_image_reader.cc(340)] could not read dos header from C:\WINDOWS\System32\OLEAUT32.dll
[0820/040937.089:ERROR:process_memory_win.cc(73)] ReadMemory at 0x7ffc6c7a0000 of 64 bytes failed: Seule une partie d’une requête ReadProcessMemory ou WriteProcessMemory a été effectuée. (0x12B)
[0820/040937.090:WARNING:pe_image_reader.cc(340)] could not read dos header from C:\WINDOWS\System32\msvcp_win.dll
[0820/040937.090:ERROR:process_memory_win.cc(73)] ReadMemory at 0x7ffc6cbf0000 of 64 bytes failed: Seule une partie d’une requête ReadProcessMemory ou WriteProcessMemory a été effectuée. (0x12B)
[0820/040937.090:WARNING:pe_image_reader.cc(340)] could not read dos header from C:\WINDOWS\System32\ucrtbase.dll
[0820/040937.090:ERROR:process_memory_win.cc(73)] ReadMemory at 0x7ffc6dbe0000 of 64 bytes failed: Seule une partie d’une requête ReadProcessMemory ou WriteProcessMemory a été effectuée. (0x12B)
[0820/040937.090:WARNING:pe_image_reader.cc(340)] could not read dos header from C:\WINDOWS\System32\combase.dll
[0820/040937.090:ERROR:process_memory_win.cc(73)] ReadMemory at 0x7ffc6d4b0000 of 64 bytes failed: Seule une partie d’une requête ReadProcessMemory ou WriteProcessMemory a été effectuée. (0x12B)
[0820/040937.090:WARNING:pe_image_reader.cc(340)] could not read dos header from C:\WINDOWS\System32\WINTRUST.dll
[0820/040937.090:ERROR:process_memory_win.cc(73)] ReadMemory at 0x7ffc6c3f0000 of 64 bytes failed: Seule une partie d’une requête ReadProcessMemory ou WriteProcessMemory a été effectuée. (0x12B)
[0820/040937.090:WARNING:pe_image_reader.cc(340)] could not read dos header from C:\WINDOWS\System32\MSASN1.dll
[0820/040937.090:ERROR:process_memory_win.cc(73)] ReadMemory at 0x7ffc6c4b0000 of 64 bytes failed: Seule une partie d’une requête ReadProcessMemory ou WriteProcessMemory a été effectuée. (0x12B)
[0820/040937.090:WARNING:pe_image_reader.cc(340)] could not read dos header from C:\WINDOWS\System32\CRYPT32.dll
[0820/040937.090:ERROR:process_memory_win.cc(73)] ReadMemory at 0x7ffc6b900000 of 64 bytes failed: Seule une partie d’une requête ReadProcessMemory ou WriteProcessMemory a été effectuée. (0x12B)
[0820/040937.090:WARNING:pe_image_reader.cc(340)] could not read dos header from C:\WINDOWS\SYSTEM32\IPHLPAPI.DLL
[0820/040937.090:ERROR:process_memory_win.cc(73)] ReadMemory at 0x7ffc69bd0000 of 64 bytes failed: Seule une partie d’une requête ReadProcessMemory ou WriteProcessMemory a été effectuée. (0x12B)
[0820/040937.090:WARNING:pe_image_reader.cc(340)] could not read dos header from C:\WINDOWS\SYSTEM32\WINMM.dll
[0820/040937.090:ERROR:process_memory_win.cc(73)] ReadMemory at 0x7ffc5f790000 of 64 bytes failed: Seule une partie d’une requête ReadProcessMemory ou WriteProcessMemory a été effectuée. (0x12B)
[0820/040937.090:WARNING:pe_image_reader.cc(340)] could not read dos header from C:\WINDOWS\SYSTEM32\Secur32.dll
[0820/040937.090:ERROR:process_memory_win.cc(73)] ReadMemory at 0x7ffc6c300000 of 64 bytes failed: Seule une partie d’une requête ReadProcessMemory ou WriteProcessMemory a été effectuée. (0x12B)
[0820/040937.090:WARNING:pe_image_reader.cc(340)] could not read dos header from C:\WINDOWS\SYSTEM32\USERENV.dll
[0820/040937.090:ERROR:process_memory_win.cc(73)] ReadMemory at 0x7ffc6c460000 of 64 bytes failed: Seule une partie d’une requête ReadProcessMemory ou WriteProcessMemory a été effectuée. (0x12B)
[0820/040937.090:WARNING:pe_image_reader.cc(340)] could not read dos header from C:\WINDOWS\System32\profapi.dll
[0820/040937.090:ERROR:process_memory_win.cc(73)] ReadMemory at 0x7ffc44cb0000 of 64 bytes failed: Seule une partie d’une requête ReadProcessMemory ou WriteProcessMemory a été effectuée. (0x12B)
[0820/040937.090:WARNING:pe_image_reader.cc(340)] could not read dos header from C:\WINDOWS\SYSTEM32\UIAutomationCore.DLL
[0820/040937.090:ERROR:process_memory_win.cc(73)] ReadMemory at 0x7ffc61410000 of 64 bytes failed: Seule une partie d’une requête ReadProcessMemory ou WriteProcessMemory a été effectuée. (0x12B)
[0820/040937.090:WARNING:pe_image_reader.cc(340)] could not read dos header from C:\WINDOWS\SYSTEM32\DWrite.dll
[0820/040937.090:ERROR:process_memory_win.cc(73)] ReadMemory at 0x7ffc41320000 of 64 bytes failed: Seule une partie d’une requête ReadProcessMemory ou WriteProcessMemory a été effectuée. (0x12B)
[0820/040937.090:WARNING:pe_image_reader.cc(340)] could not read dos header from C:\WINDOWS\SYSTEM32\WINSPOOL.DRV
[0820/040937.090:ERROR:process_memory_win.cc(73)] ReadMemory at 0x7ffc6c490000 of 64 bytes failed: Seule une partie d’une requête ReadProcessMemory ou WriteProcessMemory a été effectuée. (0x12B)
[0820/040937.090:WARNING:pe_image_reader.cc(340)] could not read dos header from C:\WINDOWS\System32\kernel.appcore.dll
[0820/040937.090:ERROR:process_memory_win.cc(73)] ReadMemory at 0x7ffc6ccf0000 of 64 bytes failed: Seule une partie d’une requête ReadProcessMemory ou WriteProcessMemory a été effectuée. (0x12B)
[0820/040937.090:WARNING:pe_image_reader.cc(340)] could not read dos header from C:\WINDOWS\System32\bcrypt.dll
[0820/040937.090:ERROR:process_memory_win.cc(73)] ReadMemory at 0x7ffc6ac70000 of 64 bytes failed: Seule une partie d’une requête ReadProcessMemory ou WriteProcessMemory a été effectuée. (0x12B)
[0820/040937.090:WARNING:pe_image_reader.cc(340)] could not read dos header from C:\WINDOWS\SYSTEM32\dbghelp.dll
[0820/040937.090:ERROR:process_memory_win.cc(73)] ReadMemory at 0x7ffc640e0000 of 64 bytes failed: Seule une partie d’une requête ReadProcessMemory ou WriteProcessMemory a été effectuée. (0x12B)
[0820/040937.090:WARNING:pe_image_reader.cc(340)] could not read dos header from C:\WINDOWS\SYSTEM32\WINHTTP.dll
[0820/040937.090:ERROR:process_memory_win.cc(73)] ReadMemory at 0x7ffc66a10000 of 64 bytes failed: Seule une partie d’une requête ReadProcessMemory ou WriteProcessMemory a été effectuée. (0x12B)
[0820/040937.090:WARNING:pe_image_reader.cc(340)] could not read dos header from C:\WINDOWS\SYSTEM32\dhcpcsvc.DLL
[0820/040937.090:ERROR:process_memory_win.cc(73)] ReadMemory at 0x7ffc6f1e0000 of 64 bytes failed: Seule une partie d’une requête ReadProcessMemory ou WriteProcessMemory a été effectuée. (0x12B)
[0820/040937.090:WARNING:pe_image_reader.cc(340)] could not read dos header from C:\WINDOWS\System32\NSI.dll
[0820/040937.090:ERROR:process_memory_win.cc(73)] ReadMemory at 0x7ffc69ba0000 of 64 bytes failed: Seule une partie d’une requête ReadProcessMemory ou WriteProcessMemory a été effectuée. (0x12B)
[0820/040937.090:WARNING:pe_image_reader.cc(340)] could not read dos header from C:\WINDOWS\SYSTEM32\WINMMBASE.dll
[0820/040937.090:ERROR:process_memory_win.cc(73)] ReadMemory at 0x7ffc6d510000 of 64 bytes failed: Seule une partie d’une requête ReadProcessMemory ou WriteProcessMemory a été effectuée. (0x12B)
[0820/040937.090:WARNING:pe_image_reader.cc(340)] could not read dos header from C:\WINDOWS\System32\cfgmgr32.dll
[0820/040937.090:ERROR:process_memory_win.cc(73)] ReadMemory at 0x7ffc68760000 of 64 bytes failed: Seule une partie d’une requête ReadProcessMemory ou WriteProcessMemory a été effectuée. (0x12B)
[0820/040937.090:WARNING:pe_image_reader.cc(340)] could not read dos header from C:\WINDOWS\SYSTEM32\PROPSYS.dll
[0820/040937.090:ERROR:process_memory_win.cc(73)] ReadMemory at 0x7ffc6e200000 of 64 bytes failed: Seule une partie d’une requête ReadProcessMemory ou WriteProcessMemory a été effectuée. (0x12B)
[0820/040937.090:WARNING:pe_image_reader.cc(340)] could not read dos header from C:\WINDOWS\System32\shcore.dll
[0820/040937.091:ERROR:process_memory_win.cc(73)] ReadMemory at 0x7ffc6c2d0000 of 64 bytes failed: Seule une partie d’une requête ReadProcessMemory ou WriteProcessMemory a été effectuée. (0x12B)
[0820/040937.091:WARNING:pe_image_reader.cc(340)] could not read dos header from C:\WINDOWS\SYSTEM32\SSPICLI.DLL
[0820/040937.091:ERROR:process_memory_win.cc(73)] ReadMemory at 0x7ffc6bdc0000 of 64 bytes failed: Seule une partie d’une requête ReadProcessMemory ou WriteProcessMemory a été effectuée. (0x12B)
[0820/040937.091:WARNING:pe_image_reader.cc(340)] could not read dos header from C:\WINDOWS\SYSTEM32\CRYPTBASE.DLL
[0820/040937.091:ERROR:process_memory_win.cc(73)] ReadMemory at 0x7ff7494e0000 of 64 bytes failed: Seule une partie d’une requête ReadProcessMemory ou WriteProcessMemory a été effectuée. (0x12B)
[0820/040937.091:WARNING:pe_image_reader.cc(340)] could not read dos header from C:\Program Files (x86)\Google\Chrome\Application\chrome.exe
[0820/040937.091:ERROR:process_memory_win.cc(73)] ReadMemory at 0x7ffc6fec0000 of 64 bytes failed: Seule une partie d’une requête ReadProcessMemory ou WriteProcessMemory a été effectuée. (0x12B)
[0820/040937.091:WARNING:pe_image_reader.cc(340)] could not read dos header from C:\WINDOWS\SYSTEM32\ntdll.dll
[0820/040937.091:ERROR:process_memory_win.cc(73)] ReadMemory at 0x7ffc6f6c0000 of 64 bytes failed: Seule une partie d’une requête ReadProcessMemory ou WriteProcessMemory a été effectuée. (0x12B)
[0820/040937.091:WARNING:pe_image_reader.cc(340)] could not read dos header from C:\WINDOWS\System32\KERNEL32.DLL
[0820/040937.091:ERROR:process_memory_win.cc(73)] ReadMemory at 0x7ffc6c840000 of 64 bytes failed: Seule une partie d’une requête ReadProcessMemory ou WriteProcessMemory a été effectuée. (0x12B)
[0820/040937.091:WARNING:pe_image_reader.cc(340)] could not read dos header from C:\WINDOWS\System32\KERNELBASE.dll
[0820/040937.091:ERROR:process_memory_win.cc(73)] ReadMemory at 0x7ffc3a970000 of 64 bytes failed: Seule une partie d’une requête ReadProcessMemory ou WriteProcessMemory a été effectuée. (0x12B)
[0820/040937.091:WARNING:pe_image_reader.cc(340)] could not read dos header from C:\Program Files (x86)\Google\Chrome\Application\84.0.4147.125\chrome_elf.dll
[0820/040937.091:ERROR:process_memory_win.cc(73)] ReadMemory at 0x7ffc667b0000 of 64 bytes failed: Seule une partie d’une requête ReadProcessMemory ou WriteProcessMemory a été effectuée. (0x12B)
[0820/040937.091:WARNING:pe_image_reader.cc(340)] could not read dos header from C:\WINDOWS\SYSTEM32\VERSION.dll
[0820/040937.091:ERROR:process_memory_win.cc(73)] ReadMemory at 0x7ffc6e360000 of 64 bytes failed: Seule une partie d’une requête ReadProcessMemory ou WriteProcessMemory a été effectuée. (0x12B)
[0820/040937.091:WARNING:pe_image_reader.cc(340)] could not read dos header from C:\WINDOWS\System32\msvcrt.dll
[0820/040937.091:ERROR:process_memory_win.cc(73)] ReadMemory at 0x7ffc6d560000 of 64 bytes failed: Seule une partie d’une requête ReadProcessMemory ou WriteProcessMemory a été effectuée. (0x12B)
[0820/040937.091:WARNING:pe_image_reader.cc(340)] could not read dos header from C:\WINDOWS\System32\bcryptPrimitives.dll
[0820/040937.091:ERROR:process_memory_win.cc(73)] ReadMemory at 0x7ffc6e8b0000 of 64 bytes failed: Seule une partie d’une requête ReadProcessMemory ou WriteProcessMemory a été effectuée. (0x12B)
[0820/040937.091:WARNING:pe_image_reader.cc(340)] could not read dos header from C:\WINDOWS\System32\ADVAPI32.dll
[0820/040937.091:ERROR:process_memory_win.cc(73)] ReadMemory at 0x7ffc6e660000 of 64 bytes failed: Seule une partie d’une requête ReadProcessMemory ou WriteProcessMemory a été effectuée. (0x12B)
[0820/040937.091:WARNING:pe_image_reader.cc(340)] could not read dos header from C:\WINDOWS\System32\sechost.dll
[0820/040937.091:ERROR:process_memory_win.cc(73)] ReadMemory at 0x7ffc6fb50000 of 64 bytes failed: Seule une partie d’une requête ReadProcessMemory ou WriteProcessMemory a été effectuée. (0x12B)
[0820/040937.091:WARNING:pe_image_reader.cc(340)] could not read dos header from C:\WINDOWS\System32\RPCRT4.dll
[0820/040937.091:ERROR:process_memory_win.cc(73)] ReadMemory at 0x7ffbf6e40000 of 64 bytes failed: Seule une partie d’une requête ReadProcessMemory ou WriteProcessMemory a été effectuée. (0x12B)
[0820/040937.091:WARNING:pe_image_reader.cc(340)] could not read dos header from C:\Program Files (x86)\Google\Chrome\Application\84.0.4147.125\chrome.dll
[0820/040937.091:ERROR:process_memory_win.cc(73)] ReadMemory at 0x7ffc6fe10000 of 64 bytes failed: Seule une partie d’une requête ReadProcessMemory ou WriteProcessMemory a été effectuée. (0x12B)
[0820/040937.091:WARNING:pe_image_reader.cc(340)] could not read dos header from C:\WINDOWS\System32\WS2_32.dll
[0820/040937.091:ERROR:process_memory_win.cc(73)] ReadMemory at 0x7ffc6fa00000 of 64 bytes failed: Seule une partie d’une requête ReadProcessMemory ou WriteProcessMemory a été effectuée. (0x12B)
[0820/040937.091:WARNING:pe_image_reader.cc(340)] could not read dos header from C:\WINDOWS\System32\OLEAUT32.dll
[0820/040937.091:ERROR:process_memory_win.cc(73)] ReadMemory at 0x7ffc6c7a0000 of 64 bytes failed: Seule une partie d’une requête ReadProcessMemory ou WriteProcessMemory a été effectuée. (0x12B)
[0820/040937.091:WARNING:pe_image_reader.cc(340)] could not read dos header from C:\WINDOWS\System32\msvcp_win.dll
[0820/040937.091:ERROR:process_memory_win.cc(73)] ReadMemory at 0x7ffc6cbf0000 of 64 bytes failed: Seule une partie d’une requête ReadProcessMemory ou WriteProcessMemory a été effectuée. (0x12B)
[0820/040937.091:WARNING:pe_image_reader.cc(340)] could not read dos header from C:\WINDOWS\System32\ucrtbase.dll
[0820/040937.091:ERROR:process_memory_win.cc(73)] ReadMemory at 0x7ffc6dbe0000 of 64 bytes failed: Seule une partie d’une requête ReadProcessMemory ou WriteProcessMemory a été effectuée. (0x12B)
[0820/040937.091:WARNING:pe_image_reader.cc(340)] could not read dos header from C:\WINDOWS\System32\combase.dll
[0820/040937.091:ERROR:process_memory_win.cc(73)] ReadMemory at 0x7ffc6d4b0000 of 64 bytes failed: Seule une partie d’une requête ReadProcessMemory ou WriteProcessMemory a été effectuée. (0x12B)
[0820/040937.091:WARNING:pe_image_reader.cc(340)] could not read dos header from C:\WINDOWS\System32\WINTRUST.dll
[0820/040937.091:ERROR:process_memory_win.cc(73)] ReadMemory at 0x7ffc6c3f0000 of 64 bytes failed: Seule une partie d’une requête ReadProcessMemory ou WriteProcessMemory a été effectuée. (0x12B)
[0820/040937.091:WARNING:pe_image_reader.cc(340)] could not read dos header from C:\WINDOWS\System32\MSASN1.dll
[0820/040937.091:ERROR:process_memory_win.cc(73)] ReadMemory at 0x7ffc6c4b0000 of 64 bytes failed: Seule une partie d’une requête ReadProcessMemory ou WriteProcessMemory a été effectuée. (0x12B)
[0820/040937.091:WARNING:pe_image_reader.cc(340)] could not read dos header from C:\WINDOWS\System32\CRYPT32.dll
[0820/040937.091:ERROR:process_memory_win.cc(73)] ReadMemory at 0x7ffc6b900000 of 64 bytes failed: Seule une partie d’une requête ReadProcessMemory ou WriteProcessMemory a été effectuée. (0x12B)
[0820/040937.091:WARNING:pe_image_reader.cc(340)] could not read dos header from C:\WINDOWS\SYSTEM32\IPHLPAPI.DLL
[0820/040937.091:ERROR:process_memory_win.cc(73)] ReadMemory at 0x7ffc69bd0000 of 64 bytes failed: Seule une partie d’une requête ReadProcessMemory ou WriteProcessMemory a été effectuée. (0x12B)
[0820/040937.091:WARNING:pe_image_reader.cc(340)] could not read dos header from C:\WINDOWS\SYSTEM32\WINMM.dll
[0820/040937.092:ERROR:process_memory_win.cc(73)] ReadMemory at 0x7ffc5f790000 of 64 bytes failed: Seule une partie d’une requête ReadProcessMemory ou WriteProcessMemory a été effectuée. (0x12B)
[0820/040937.092:WARNING:pe_image_reader.cc(340)] could not read dos header from C:\WINDOWS\SYSTEM32\Secur32.dll
[0820/040937.092:ERROR:process_memory_win.cc(73)] ReadMemory at 0x7ffc6c300000 of 64 bytes failed: Seule une partie d’une requête ReadProcessMemory ou WriteProcessMemory a été effectuée. (0x12B)
[0820/040937.092:WARNING:pe_image_reader.cc(340)] could not read dos header from C:\WINDOWS\SYSTEM32\USERENV.dll
[0820/040937.092:ERROR:process_memory_win.cc(73)] ReadMemory at 0x7ffc6c460000 of 64 bytes failed: Seule une partie d’une requête ReadProcessMemory ou WriteProcessMemory a été effectuée. (0x12B)
[0820/040937.092:WARNING:pe_image_reader.cc(340)] could not read dos header from C:\WINDOWS\System32\profapi.dll
[0820/040937.092:ERROR:process_memory_win.cc(73)] ReadMemory at 0x7ffc44cb0000 of 64 bytes failed: Seule une partie d’une requête ReadProcessMemory ou WriteProcessMemory a été effectuée. (0x12B)
[0820/040937.092:WARNING:pe_image_reader.cc(340)] could not read dos header from C:\WINDOWS\SYSTEM32\UIAutomationCore.DLL
[0820/040937.092:ERROR:process_memory_win.cc(73)] ReadMemory at 0x7ffc61410000 of 64 bytes failed: Seule une partie d’une requête ReadProcessMemory ou WriteProcessMemory a été effectuée. (0x12B)
[0820/040937.092:WARNING:pe_image_reader.cc(340)] could not read dos header from C:\WINDOWS\SYSTEM32\DWrite.dll
[0820/040937.092:ERROR:process_memory_win.cc(73)] ReadMemory at 0x7ffc41320000 of 64 bytes failed: Seule une partie d’une requête ReadProcessMemory ou WriteProcessMemory a été effectuée. (0x12B)
[0820/040937.092:WARNING:pe_image_reader.cc(340)] could not read dos header from C:\WINDOWS\SYSTEM32\WINSPOOL.DRV
[0820/040937.092:ERROR:process_memory_win.cc(73)] ReadMemory at 0x7ffc6c490000 of 64 bytes failed: Seule une partie d’une requête ReadProcessMemory ou WriteProcessMemory a été effectuée. (0x12B)
[0820/040937.092:WARNING:pe_image_reader.cc(340)] could not read dos header from C:\WINDOWS\System32\kernel.appcore.dll
[0820/040937.092:ERROR:process_memory_win.cc(73)] ReadMemory at 0x7ffc6ccf0000 of 64 bytes failed: Seule une partie d’une requête ReadProcessMemory ou WriteProcessMemory a été effectuée. (0x12B)
[0820/040937.092:WARNING:pe_image_reader.cc(340)] could not read dos header from C:\WINDOWS\System32\bcrypt.dll
[0820/040937.092:ERROR:process_memory_win.cc(73)] ReadMemory at 0x7ffc6ac70000 of 64 bytes failed: Seule une partie d’une requête ReadProcessMemory ou WriteProcessMemory a été effectuée. (0x12B)
[0820/040937.092:WARNING:pe_image_reader.cc(340)] could not read dos header from C:\WINDOWS\SYSTEM32\dbghelp.dll
[0820/040937.092:ERROR:process_memory_win.cc(73)] ReadMemory at 0x7ffc640e0000 of 64 bytes failed: Seule une partie d’une requête ReadProcessMemory ou WriteProcessMemory a été effectuée. (0x12B)
[0820/040937.092:WARNING:pe_image_reader.cc(340)] could not read dos header from C:\WINDOWS\SYSTEM32\WINHTTP.dll
[0820/040937.092:ERROR:process_memory_win.cc(73)] ReadMemory at 0x7ffc66a10000 of 64 bytes failed: Seule une partie d’une requête ReadProcessMemory ou WriteProcessMemory a été effectuée. (0x12B)
[0820/040937.092:WARNING:pe_image_reader.cc(340)] could not read dos header from C:\WINDOWS\SYSTEM32\dhcpcsvc.DLL
[0820/040937.092:ERROR:process_memory_win.cc(73)] ReadMemory at 0x7ffc6f1e0000 of 64 bytes failed: Seule une partie d’une requête ReadProcessMemory ou WriteProcessMemory a été effectuée. (0x12B)
[0820/040937.092:WARNING:pe_image_reader.cc(340)] could not read dos header from C:\WINDOWS\System32\NSI.dll
[0820/040937.092:ERROR:process_memory_win.cc(73)] ReadMemory at 0x7ffc69ba0000 of 64 bytes failed: Seule une partie d’une requête ReadProcessMemory ou WriteProcessMemory a été effectuée. (0x12B)
[0820/040937.092:WARNING:pe_image_reader.cc(340)] could not read dos header from C:\WINDOWS\SYSTEM32\WINMMBASE.dll
[0820/040937.092:ERROR:process_memory_win.cc(73)] ReadMemory at 0x7ffc6d510000 of 64 bytes failed: Seule une partie d’une requête ReadProcessMemory ou WriteProcessMemory a été effectuée. (0x12B)
[0820/040937.092:WARNING:pe_image_reader.cc(340)] could not read dos header from C:\WINDOWS\System32\cfgmgr32.dll
[0820/040937.092:ERROR:process_memory_win.cc(73)] ReadMemory at 0x7ffc68760000 of 64 bytes failed: Seule une partie d’une requête ReadProcessMemory ou WriteProcessMemory a été effectuée. (0x12B)
[0820/040937.092:WARNING:pe_image_reader.cc(340)] could not read dos header from C:\WINDOWS\SYSTEM32\PROPSYS.dll
[0820/040937.092:ERROR:process_memory_win.cc(73)] ReadMemory at 0x7ffc6e200000 of 64 bytes failed: Seule une partie d’une requête ReadProcessMemory ou WriteProcessMemory a été effectuée. (0x12B)
[0820/040937.092:WARNING:pe_image_reader.cc(340)] could not read dos header from C:\WINDOWS\System32\shcore.dll
[0820/040937.092:ERROR:process_memory_win.cc(73)] ReadMemory at 0x7ffc6c2d0000 of 64 bytes failed: Seule une partie d’une requête ReadProcessMemory ou WriteProcessMemory a été effectuée. (0x12B)
[0820/040937.092:WARNING:pe_image_reader.cc(340)] could not read dos header from C:\WINDOWS\SYSTEM32\SSPICLI.DLL
[0820/040937.092:ERROR:process_memory_win.cc(73)] ReadMemory at 0x7ffc6bdc0000 of 64 bytes failed: Seule une partie d’une requête ReadProcessMemory ou WriteProcessMemory a été effectuée. (0x12B)
[0820/040937.092:WARNING:pe_image_reader.cc(340)] could not read dos header from C:\WINDOWS\SYSTEM32\CRYPTBASE.DLL
[0820/040937.098:ERROR:process_memory_win.cc(73)] ReadMemory at 0x62975f9000 of 28672 bytes failed: Seule une partie d’une requête ReadProcessMemory ou WriteProcessMemory a été effectuée. (0x12B)
[0820/040937.098:ERROR:process_memory_win.cc(73)] ReadMemory at 0x6297dfd000 of 12288 bytes failed: Seule une partie d’une requête ReadProcessMemory ou WriteProcessMemory a été effectuée. (0x12B)
[0820/040937.098:ERROR:process_memory_win.cc(73)] ReadMemory at 0x62985fd000 of 12288 bytes failed: Seule une partie d’une requête ReadProcessMemory ou WriteProcessMemory a été effectuée. (0x12B)
[0820/040937.098:ERROR:process_memory_win.cc(73)] ReadMemory at 0x6298dfc000 of 16384 bytes failed: Seule une partie d’une requête ReadProcessMemory ou WriteProcessMemory a été effectuée. (0x12B)
[0820/040937.099:ERROR:process_memory_win.cc(73)] ReadMemory at 0x62995fb000 of 20480 bytes failed: Seule une partie d’une requête ReadProcessMemory ou WriteProcessMemory a été effectuée. (0x12B)
[0820/040937.099:ERROR:process_memory_win.cc(73)] ReadMemory at 0x6299dff000 of 4096 bytes failed: Seule une partie d’une requête ReadProcessMemory ou WriteProcessMemory a été effectuée. (0x12B)
[0820/040937.099:ERROR:process_memory_win.cc(73)] ReadMemory at 0x629a5fd000 of 12288 bytes failed: Seule une partie d’une requête ReadProcessMemory ou WriteProcessMemory a été effectuée. (0x12B)
[0820/040937.099:ERROR:process_memory_win.cc(73)] ReadMemory at 0x629adfc000 of 16384 bytes failed: Seule une partie d’une requête ReadProcessMemory ou WriteProcessMemory a été effectuée. (0x12B)
[0820/040937.099:ERROR:process_memory_win.cc(73)] ReadMemory at 0x629b5fd000 of 12288 bytes failed: Seule une partie d’une requête ReadProcessMemory ou WriteProcessMemory a été effectuée. (0x12B)
[0820/040937.099:ERROR:process_memory_win.cc(73)] ReadMemory at 0x629bdfd000 of 12288 bytes failed: Seule une partie d’une requête ReadProcessMemory ou WriteProcessMemory a été effectuée. (0x12B)
[0820/040937.099:ERROR:process_memory_win.cc(73)] ReadMemory at 0x629c5fd000 of 12288 bytes failed: Seule une partie d’une requête ReadProcessMemory ou WriteProcessMemory a été effectuée. (0x12B)
[0820/040937.099:ERROR:process_memory_win.cc(73)] ReadMemory at 0x629cdfd000 of 12288 bytes failed: Seule une partie d’une requête ReadProcessMemory ou WriteProcessMemory a été effectuée. (0x12B)
[0820/040937.099:ERROR:process_memory_win.cc(73)] ReadMemory at 0x629d5fd000 of 12288 bytes failed: Seule une partie d’une requête ReadProcessMemory ou WriteProcessMemory a été effectuée. (0x12B)
[0820/040937.099:ERROR:process_memory_win.cc(73)] ReadMemory at 0x629ddfd000 of 12288 bytes failed: Seule une partie d’une requête ReadProcessMemory ou WriteProcessMemory a été effectuée. (0x12B)
[0820/040937.099:ERROR:process_memory_win.cc(73)] ReadMemory at 0x629e5fd000 of 12288 bytes failed: Seule une partie d’une requête ReadProcessMemory ou WriteProcessMemory a été effectuée. (0x12B)
[0820/040937.099:ERROR:process_memory_win.cc(73)] ReadMemory at 0x6296cdb000 of 852 bytes failed: Seule une partie d’une requête ReadProcessMemory ou WriteProcessMemory a été effectuée. (0x12B)
[0820/040937.099:ERROR:process_memory_win.cc(73)] ReadMemory at 0x6296cdc000 of 6024 bytes failed: Seule une partie d’une requête ReadProcessMemory ou WriteProcessMemory a été effectuée. (0x12B)
[0820/040937.099:ERROR:process_memory_win.cc(73)] ReadMemory at 0x6296cde000 of 6024 bytes failed: Seule une partie d’une requête ReadProcessMemory ou WriteProcessMemory a été effectuée. (0x12B)
[0820/040937.099:ERROR:process_memory_win.cc(73)] ReadMemory at 0x6296ce0000 of 6024 bytes failed: Seule une partie d’une requête ReadProcessMemory ou WriteProcessMemory a été effectuée. (0x12B)
[0820/040937.099:ERROR:process_memory_win.cc(73)] ReadMemory at 0x6296ce2000 of 6024 bytes failed: Seule une partie d’une requête ReadProcessMemory ou WriteProcessMemory a été effectuée. (0x12B)
[0820/040937.099:ERROR:process_memory_win.cc(73)] ReadMemory at 0x6296ce4000 of 6024 bytes failed: Seule une partie d’une requête ReadProcessMemory ou WriteProcessMemory a été effectuée. (0x12B)
[0820/040937.099:ERROR:process_memory_win.cc(73)] ReadMemory at 0x6296ce6000 of 6024 bytes failed: Seule une partie d’une requête ReadProcessMemory ou WriteProcessMemory a été effectuée. (0x12B)
[0820/040937.099:ERROR:process_memory_win.cc(73)] ReadMemory at 0x6296ce8000 of 6024 bytes failed: Seule une partie d’une requête ReadProcessMemory ou WriteProcessMemory a été effectuée. (0x12B)
[0820/040937.099:ERROR:process_memory_win.cc(73)] ReadMemory at 0x6296cea000 of 6024 bytes failed: Seule une partie d’une requête ReadProcessMemory ou WriteProcessMemory a été effectuée. (0x12B)
[0820/040937.100:ERROR:process_memory_win.cc(73)] ReadMemory at 0x6296cec000 of 6024 bytes failed: Seule une partie d’une requête ReadProcessMemory ou WriteProcessMemory a été effectuée. (0x12B)
[0820/040937.100:ERROR:process_memory_win.cc(73)] ReadMemory at 0x6296cee000 of 6024 bytes failed: Seule une partie d’une requête ReadProcessMemory ou WriteProcessMemory a été effectuée. (0x12B)
[0820/040937.100:ERROR:process_memory_win.cc(73)] ReadMemory at 0x6296cf0000 of 6024 bytes failed: Seule une partie d’une requête ReadProcessMemory ou WriteProcessMemory a été effectuée. (0x12B)
[0820/040937.100:ERROR:process_memory_win.cc(73)] ReadMemory at 0x6296cf2000 of 6024 bytes failed: Seule une partie d’une requête ReadProcessMemory ou WriteProcessMemory a été effectuée. (0x12B)
[0820/040937.100:ERROR:process_memory_win.cc(73)] ReadMemory at 0x6296cf4000 of 6024 bytes failed: Seule une partie d’une requête ReadProcessMemory ou WriteProcessMemory a été effectuée. (0x12B)
[0820/040937.100:ERROR:process_memory_win.cc(73)] ReadMemory at 0x6296cf6000 of 6024 bytes failed: Seule une partie d’une requête ReadProcessMemory ou WriteProcessMemory a été effectuée. (0x12B)
[0820/040937.100:ERROR:process_memory_win.cc(73)] ReadMemory at 0x6296cf8000 of 6024 bytes failed: Seule une partie d’une requête ReadProcessMemory ou WriteProcessMemory a été effectuée. (0x12B)
[0820/040937.100:ERROR:process_memory_win.cc(73)] ReadMemory at 0x23c1e2e0fe0 of 17812 bytes failed: Seule une partie d’une requête ReadProcessMemory ou WriteProcessMemory a été effectuée. (0x12B)
[0820/040937.100:ERROR:process_memory_win.cc(73)] ReadMemory at 0x23c1e2e5580 of 1012 bytes failed: Seule une partie d’une requête ReadProcessMemory ou WriteProcessMemory a été effectuée. (0x12B)
[0820/040937.100:ERROR:process_memory_win.cc(73)] ReadMemory at 0x23c1e2e5bc8 of 118 bytes failed: Seule une partie d’une requête ReadProcessMemory ou WriteProcessMemory a été effectuée. (0x12B)
[0820/040937.100:ERROR:process_memory_win.cc(73)] ReadMemory at 0x23c1e2e5c40 of 932 bytes failed: Seule une partie d’une requête ReadProcessMemory ou WriteProcessMemory a été effectuée. (0x12B)
[0820/040937.100:ERROR:process_memory_win.cc(73)] ReadMemory at 0x23c1e2e5fe6 of 118 bytes failed: Seule une partie d’une requête ReadProcessMemory ou WriteProcessMemory a été effectuée. (0x12B)
[0820/040937.100:ERROR:process_memory_win.cc(73)] ReadMemory at 0x23c1e2e605e of 102 bytes failed: Seule une partie d’une requête ReadProcessMemory ou WriteProcessMemory a été effectuée. (0x12B)
[0820/040937.100:ERROR:process_memory_win.cc(73)] ReadMemory at 0x23c1e2e60d0 of 58 bytes failed: Seule une partie d’une requête ReadProcessMemory ou WriteProcessMemory a été effectuée. (0x12B)
[0820/040937.100:ERROR:process_memory_win.cc(73)] ReadMemory at 0x23c1e2e61d0 of 132 bytes failed: Seule une partie d’une requête ReadProcessMemory ou WriteProcessMemory a été effectuée. (0x12B)
[0820/040937.100:ERROR:process_memory_win.cc(73)] ReadMemory at 0x23c1e2e6360 of 132 bytes failed: Seule une partie d’une requête ReadProcessMemory ou WriteProcessMemory a été effectuée. (0x12B)
[0820/040937.100:ERROR:process_memory_win.cc(73)] ReadMemory at 0x23c1e2e6520 of 126 bytes failed: Seule une partie d’une requête ReadProcessMemory ou WriteProcessMemory a été effectuée. (0x12B)
[0820/040937.100:ERROR:process_memory_win.cc(73)] ReadMemory at 0x23c1e2e6900 of 132 bytes failed: Seule une partie d’une requête ReadProcessMemory ou WriteProcessMemory a été effectuée. (0x12B)
[0820/040937.100:ERROR:process_memory_win.cc(73)] ReadMemory at 0x23c1e2e6a90 of 64 bytes failed: Seule une partie d’une requête ReadProcessMemory ou WriteProcessMemory a été effectuée. (0x12B)
[0820/040937.100:ERROR:process_memory_win.cc(73)] ReadMemory at 0x23c1e2e6c50 of 132 bytes failed: Seule une partie d’une requête ReadProcessMemory ou WriteProcessMemory a été effectuée. (0x12B)
[0820/040937.100:ERROR:process_memory_win.cc(73)] ReadMemory at 0x23c1e2e6ef0 of 132 bytes failed: Seule une partie d’une requête ReadProcessMemory ou WriteProcessMemory a été effectuée. (0x12B)
[0820/040937.100:ERROR:process_memory_win.cc(73)] ReadMemory at 0x23c1e2e7080 of 68 bytes failed: Seule une partie d’une requête ReadProcessMemory ou WriteProcessMemory a été effectuée. (0x12B)
[0820/040937.101:ERROR:process_memory_win.cc(73)] ReadMemory at 0x23c1e2e81a0 of 132 bytes failed: Seule une partie d’une requête ReadProcessMemory ou WriteProcessMemory a été effectuée. (0x12B)
[0820/040937.101:ERROR:process_memory_win.cc(73)] ReadMemory at 0x23c1e2e8330 of 154 bytes failed: Seule une partie d’une requête ReadProcessMemory ou WriteProcessMemory a été effectuée. (0x12B)
[0820/040937.101:ERROR:process_memory_win.cc(73)] ReadMemory at 0x23c1e2ea810 of 62 bytes failed: Seule une partie d’une requête ReadProcessMemory ou WriteProcessMemory a été effectuée. (0x12B)
[0820/040937.101:ERROR:process_memory_win.cc(73)] ReadMemory at 0x23c1e2ea970 of 132 bytes failed: Seule une partie d’une requête ReadProcessMemory ou WriteProcessMemory a été effectuée. (0x12B)
[0820/040937.101:ERROR:process_memory_win.cc(73)] ReadMemory at 0x23c1e2eab00 of 60 bytes failed: Seule une partie d’une requête ReadProcessMemory ou WriteProcessMemory a été effectuée. (0x12B)
[0820/040937.101:ERROR:process_memory_win.cc(73)] ReadMemory at 0x23c1e2f7a40 of 62 bytes failed: Seule une partie d’une requête ReadProcessMemory ou WriteProcessMemory a été effectuée. (0x12B)
[0820/040937.101:ERROR:process_memory_win.cc(73)] ReadMemory at 0x23c1e2f7bd0 of 60 bytes failed: Seule une partie d’une requête ReadProcessMemory ou WriteProcessMemory a été effectuée. (0x12B)
[0820/040937.101:ERROR:process_memory_win.cc(73)] ReadMemory at 0x23c1e2f7c20 of 64 bytes failed: Seule une partie d’une requête ReadProcessMemory ou WriteProcessMemory a été effectuée. (0x12B)
[0820/040937.101:ERROR:process_memory_win.cc(73)] ReadMemory at 0x23c1e2f7cc0 of 64 bytes failed: Seule une partie d’une requête ReadProcessMemory ou WriteProcessMemory a été effectuée. (0x12B)
[0820/040937.101:ERROR:process_memory_win.cc(73)] ReadMemory at 0x23c1e2f7d60 of 60 bytes failed: Seule une partie d’une requête ReadProcessMemory ou WriteProcessMemory a été effectuée. (0x12B)
[0820/040937.101:ERROR:process_memory_win.cc(73)] ReadMemory at 0x23c1e2f7db0 of 60 bytes failed: Seule une partie d’une requête ReadProcessMemory ou WriteProcessMemory a été effectuée. (0x12B)
[0820/040937.101:ERROR:process_memory_win.cc(73)] ReadMemory at 0x23c1e2f7e00 of 62 bytes failed: Seule une partie d’une requête ReadProcessMemory ou WriteProcessMemory a été effectuée. (0x12B)
[0820/040937.101:ERROR:process_memory_win.cc(73)] ReadMemory at 0x23c1e2f7e50 of 64 bytes failed: Seule une partie d’une requête ReadProcessMemory ou WriteProcessMemory a été effectuée. (0x12B)
[0820/040937.101:ERROR:process_memory_win.cc(73)] ReadMemory at 0x23c1e2f80d0 of 64 bytes failed: Seule une partie d’une requête ReadProcessMemory ou WriteProcessMemory a été effectuée. (0x12B)
[0820/040937.101:ERROR:process_memory_win.cc(73)] ReadMemory at 0x23c1e2f8170 of 66 bytes failed: Seule une partie d’une requête ReadProcessMemory ou WriteProcessMemory a été effectuée. (0x12B)
[0820/040937.101:ERROR:process_memory_win.cc(73)] ReadMemory at 0x23c1e2f84e0 of 64 bytes failed: Seule une partie d’une requête ReadProcessMemory ou WriteProcessMemory a été effectuée. (0x12B)
[0820/040937.101:ERROR:process_memory_win.cc(73)] ReadMemory at 0x23c1e2f8530 of 62 bytes failed: Seule une partie d’une requête ReadProcessMemory ou WriteProcessMemory a été effectuée. (0x12B)
[0820/040937.101:ERROR:process_memory_win.cc(73)] ReadMemory at 0x23c1e2fc4e0 of 132 bytes failed: Seule une partie d’une requête ReadProcessMemory ou WriteProcessMemory a été effectuée. (0x12B)
[0820/040937.101:ERROR:process_memory_win.cc(73)] ReadMemory at 0x23c1e2fcac0 of 132 bytes failed: Seule une partie d’une requête ReadProcessMemory ou WriteProcessMemory a été effectuée. (0x12B)
[0820/040937.101:ERROR:process_memory_win.cc(73)] ReadMemory at 0x23c1e2fcf80 of 132 bytes failed: Seule une partie d’une requête ReadProcessMemory ou WriteProcessMemory a été effectuée. (0x12B)
[0820/040937.101:ERROR:process_memory_win.cc(73)] ReadMemory at 0x23c1e2fd0b0 of 146 bytes failed: Seule une partie d’une requête ReadProcessMemory ou WriteProcessMemory a été effectuée. (0x12B)
[0820/040937.101:ERROR:process_memory_win.cc(73)] ReadMemory at 0x23c1e2fd2c0 of 132 bytes failed: Seule une partie d’une requête ReadProcessMemory ou WriteProcessMemory a été effectuée. (0x12B)
[0820/040937.101:ERROR:process_memory_win.cc(73)] ReadMemory at 0x23c1e2fd6e0 of 80 bytes failed: Seule une partie d’une requête ReadProcessMemory ou WriteProcessMemory a été effectuée. (0x12B)
[0820/040937.101:ERROR:process_memory_win.cc(73)] ReadMemory at 0x23c1e2fdec0 of 76 bytes failed: Seule une partie d’une requête ReadProcessMemory ou WriteProcessMemory a été effectuée. (0x12B)
[0820/040937.102:ERROR:process_memory_win.cc(73)] ReadMemory at 0x23c1e3028a0 of 80 bytes failed: Seule une partie d’une requête ReadProcessMemory ou WriteProcessMemory a été effectuée. (0x12B)
[0820/040937.102:ERROR:process_memory_win.cc(73)] ReadMemory at 0x23c1e304020 of 132 bytes failed: Seule une partie d’une requête ReadProcessMemory ou WriteProcessMemory a été effectuée. (0x12B)
[0820/040937.102:ERROR:process_memory_win.cc(73)] ReadMemory at 0x23c1e304150 of 132 bytes failed: Seule une partie d’une requête ReadProcessMemory ou WriteProcessMemory a été effectuée. (0x12B)
[0820/040937.102:ERROR:process_memory_win.cc(73)] ReadMemory at 0x23c1e304280 of 132 bytes failed: Seule une partie d’une requête ReadProcessMemory ou WriteProcessMemory a été effectuée. (0x12B)
[0820/040937.102:ERROR:process_memory_win.cc(73)] ReadMemory at 0x23c1e3043b0 of 132 bytes failed: Seule une partie d’une requête ReadProcessMemory ou WriteProcessMemory a été effectuée. (0x12B)
[0820/040937.102:ERROR:process_memory_win.cc(73)] ReadMemory at 0x23c1e3044e0 of 132 bytes failed: Seule une partie d’une requête ReadProcessMemory ou WriteProcessMemory a été effectuée. (0x12B)
[0820/040937.102:ERROR:process_memory_win.cc(73)] ReadMemory at 0x23c1e304610 of 132 bytes failed: Seule une partie d’une requête ReadProcessMemory ou WriteProcessMemory a été effectuée. (0x12B)
[0820/040937.102:ERROR:process_memory_win.cc(73)] ReadMemory at 0x23c1e304740 of 132 bytes failed: Seule une partie d’une requête ReadProcessMemory ou WriteProcessMemory a été effectuée. (0x12B)
[0820/040937.102:ERROR:process_memory_win.cc(73)] ReadMemory at 0x23c1e304870 of 132 bytes failed: Seule une partie d’une requête ReadProcessMemory ou WriteProcessMemory a été effectuée. (0x12B)
[0820/040937.102:ERROR:process_memory_win.cc(73)] ReadMemory at 0x23c1e304ad0 of 132 bytes failed: Seule une partie d’une requête ReadProcessMemory ou WriteProcessMemory a été effectuée. (0x12B)
[0820/040937.102:ERROR:process_memory_win.cc(73)] ReadMemory at 0x23c1e304c00 of 132 bytes failed: Seule une partie d’une requête ReadProcessMemory ou WriteProcessMemory a été effectuée. (0x12B)
[0820/040937.102:ERROR:process_memory_win.cc(73)] ReadMemory at 0x23c1e304d30 of 132 bytes failed: Seule une partie d’une requête ReadProcessMemory ou WriteProcessMemory a été effectuée. (0x12B)
[0820/040937.102:ERROR:process_memory_win.cc(73)] ReadMemory at 0x23c1e304e60 of 132 bytes failed: Seule une partie d’une requête ReadProcessMemory ou WriteProcessMemory a été effectuée. (0x12B)
[0820/040937.102:ERROR:process_memory_win.cc(73)] ReadMemory at 0x23c1e3069e0 of 132 bytes failed: Seule une partie d’une requête ReadProcessMemory ou WriteProcessMemory a été effectuée. (0x12B)
[0820/040937.102:ERROR:process_memory_win.cc(73)] ReadMemory at 0x23c1e306b10 of 132 bytes failed: Seule une partie d’une requête ReadProcessMemory ou WriteProcessMemory a été effectuée. (0x12B)
[0820/040937.102:ERROR:process_memory_win.cc(73)] ReadMemory at 0x23c1e30a140 of 132 bytes failed: Seule une partie d’une requête ReadProcessMemory ou WriteProcessMemory a été effectuée. (0x12B)
[0820/040937.102:ERROR:process_memory_win.cc(73)] ReadMemory at 0x23c1e30a350 of 132 bytes failed: Seule une partie d’une requête ReadProcessMemory ou WriteProcessMemory a été effectuée. (0x12B)
[0820/040937.102:ERROR:process_memory_win.cc(73)] ReadMemory at 0x23c1e30c5a0 of 54 bytes failed: Seule une partie d’une requête ReadProcessMemory ou WriteProcessMemory a été effectuée. (0x12B)
[0820/040937.103:ERROR:process_memory_win.cc(73)] ReadMemory at 0x23c1e30fa00 of 132 bytes failed: Seule une partie d’une requête ReadProcessMemory ou WriteProcessMemory a été effectuée. (0x12B)
[0820/040937.103:ERROR:process_memory_win.cc(73)] ReadMemory at 0x23c1e30fc20 of 132 bytes failed: Seule une partie d’une requête ReadProcessMemory ou WriteProcessMemory a été effectuée. (0x12B)
[0820/040937.103:ERROR:process_memory_win.cc(73)] ReadMemory at 0x23c1e310100 of 132 bytes failed: Seule une partie d’une requête ReadProcessMemory ou WriteProcessMemory a été effectuée. (0x12B)
[0820/040937.103:ERROR:process_memory_win.cc(73)] ReadMemory at 0x23c1e310490 of 132 bytes failed: Seule une partie d’une requête ReadProcessMemory ou WriteProcessMemory a été effectuée. (0x12B)
[0820/040937.103:ERROR:process_memory_win.cc(73)] ReadMemory at 0x23c1e310ce0 of 132 bytes failed: Seule une partie d’une requête ReadProcessMemory ou WriteProcessMemory a été effectuée. (0x12B)
[0820/040937.103:ERROR:process_memory_win.cc(73)] ReadMemory at 0x23c1e310e10 of 132 bytes failed: Seule une partie d’une requête ReadProcessMemory ou WriteProcessMemory a été effectuée. (0x12B)
[0820/040937.103:ERROR:process_memory_win.cc(73)] ReadMemory at 0x23c1e310f40 of 132 bytes failed: Seule une partie d’une requête ReadProcessMemory ou WriteProcessMemory a été effectuée. (0x12B)
[0820/040937.103:ERROR:process_memory_win.cc(73)] ReadMemory at 0x23c1e311070 of 132 bytes failed: Seule une partie d’une requête ReadProcessMemory ou WriteProcessMemory a été effectuée. (0x12B)
[0820/040937.103:ERROR:process_memory_win.cc(73)] ReadMemory at 0x23c1e3111a0 of 132 bytes failed: Seule une partie d’une requête ReadProcessMemory ou WriteProcessMemory a été effectuée. (0x12B)
[0820/040937.103:ERROR:process_memory_win.cc(73)] ReadMemory at 0x23c1e3112d0 of 132 bytes failed: Seule une partie d’une requête ReadProcessMemory ou WriteProcessMemory a été effectuée. (0x12B)
[0820/040937.103:ERROR:process_memory_win.cc(73)] ReadMemory at 0x23c1e3119f0 of 132 bytes failed: Seule une partie d’une requête ReadProcessMemory ou WriteProcessMemory a été effectuée. (0x12B)
[0820/040937.103:ERROR:process_memory_win.cc(73)] ReadMemory at 0x23c1e311d80 of 132 bytes failed: Seule une partie d’une requête ReadProcessMemory ou WriteProcessMemory a été effectuée. (0x12B)
[0820/040937.104:ERROR:process_memory_win.cc(73)] ReadMemory at 0x23c1e312030 of 58 bytes failed: Seule une partie d’une requête ReadProcessMemory ou WriteProcessMemory a été effectuée. (0x12B)
[0820/040937.104:ERROR:process_memory_win.cc(73)] ReadMemory at 0x23c1e312120 of 64 bytes failed: Seule une partie d’une requête ReadProcessMemory ou WriteProcessMemory a été effectuée. (0x12B)
[0820/040937.104:ERROR:process_memory_win.cc(73)] ReadMemory at 0x23c1e3121c0 of 64 bytes failed: Seule une partie d’une requête ReadProcessMemory ou WriteProcessMemory a été effectuée. (0x12B)
[0820/040937.104:ERROR:process_memory_win.cc(73)] ReadMemory at 0x23c1e312210 of 62 bytes failed: Seule une partie d’une requête ReadProcessMemory ou WriteProcessMemory a été effectuée. (0x12B)
[0820/040937.104:ERROR:process_memory_win.cc(73)] ReadMemory at 0x23c1e312260 of 60 bytes failed: Seule une partie d’une requête ReadProcessMemory ou WriteProcessMemory a été effectuée. (0x12B)
[0820/040937.104:ERROR:process_memory_win.cc(73)] ReadMemory at 0x23c1e3123f0 of 62 bytes failed: Seule une partie d’une requête ReadProcessMemory ou WriteProcessMemory a été effectuée. (0x12B)
[0820/040937.104:ERROR:process_memory_win.cc(73)] ReadMemory at 0x23c1e3124e0 of 60 bytes failed: Seule une partie d’une requête ReadProcessMemory ou WriteProcessMemory a été effectuée. (0x12B)
[0820/040937.104:ERROR:process_memory_win.cc(73)] ReadMemory at 0x23c1e312530 of 62 bytes failed: Seule une partie d’une requête ReadProcessMemory ou WriteProcessMemory a été effectuée. (0x12B)
[0820/040937.104:ERROR:process_memory_win.cc(73)] ReadMemory at 0x23c1e312620 of 62 bytes failed: Seule une partie d’une requête ReadProcessMemory ou WriteProcessMemory a été effectuée. (0x12B)
[0820/040937.104:ERROR:process_memory_win.cc(73)] ReadMemory at 0x23c1e312670 of 62 bytes failed: Seule une partie d’une requête ReadProcessMemory ou WriteProcessMemory a été effectuée. (0x12B)
[0820/040937.104:ERROR:process_memory_win.cc(73)] ReadMemory at 0x23c1e312760 of 62 bytes failed: Seule une partie d’une requête ReadProcessMemory ou WriteProcessMemory a été effectuée. (0x12B)
[0820/040937.104:ERROR:process_memory_win.cc(73)] ReadMemory at 0x23c1e3128a0 of 64 bytes failed: Seule une partie d’une requête ReadProcessMemory ou WriteProcessMemory a été effectuée. (0x12B)
[0820/040937.104:ERROR:process_memory_win.cc(73)] ReadMemory at 0x23c1e312a30 of 66 bytes failed: Seule une partie d’une requête ReadProcessMemory ou WriteProcessMemory a été effectuée. (0x12B)
[0820/040937.104:ERROR:process_memory_win.cc(73)] ReadMemory at 0x23c1e312b20 of 60 bytes failed: Seule une partie d’une requête ReadProcessMemory ou WriteProcessMemory a été effectuée. (0x12B)
[0820/040937.104:ERROR:process_memory_win.cc(73)] ReadMemory at 0x23c1e312c60 of 62 bytes failed: Seule une partie d’une requête ReadProcessMemory ou WriteProcessMemory a été effectuée. (0x12B)
[0820/040937.105:ERROR:process_memory_win.cc(73)] ReadMemory at 0x23c1e325670 of 512 bytes failed: Seule une partie d’une requête ReadProcessMemory ou WriteProcessMemory a été effectuée. (0x12B)
[0820/040937.105:ERROR:process_memory_win.cc(73)] ReadMemory at 0x23c1e3716e0 of 512 bytes failed: Seule une partie d’une requête ReadProcessMemory ou WriteProcessMemory a été effectuée. (0x12B)
[0820/040937.105:ERROR:process_memory_win.cc(73)] ReadMemory at 0x23c1e384a30 of 512 bytes failed: Seule une partie d’une requête ReadProcessMemory ou WriteProcessMemory a été effectuée. (0x12B)
[0820/040937.105:ERROR:process_memory_win.cc(73)] ReadMemory at 0x23c1e389ae0 of 712 bytes failed: Seule une partie d’une requête ReadProcessMemory ou WriteProcessMemory a été effectuée. (0x12B)
[0820/040937.105:ERROR:process_memory_win.cc(73)] ReadMemory at 0x23c1e398320 of 512 bytes failed: Seule une partie d’une requête ReadProcessMemory ou WriteProcessMemory a été effectuée. (0x12B)
[0820/040937.105:ERROR:process_memory_win.cc(73)] ReadMemory at 0x23c1e39c560 of 512 bytes failed: Seule une partie d’une requête ReadProcessMemory ou WriteProcessMemory a été effectuée. (0x12B)
[0820/040937.105:ERROR:process_memory_win.cc(73)] ReadMemory at 0x23c1e421cc0 of 512 bytes failed: Seule une partie d’une requête ReadProcessMemory ou WriteProcessMemory a été effectuée. (0x12B)
[0820/040937.105:ERROR:process_memory_win.cc(73)] ReadMemory at 0x23c1e423040 of 512 bytes failed: Seule une partie d’une requête ReadProcessMemory ou WriteProcessMemory a été effectuée. (0x12B)
[0820/040937.105:ERROR:process_memory_win.cc(73)] ReadMemory at 0x23c1fc20000 of 384 bytes failed: Seule une partie d’une requête ReadProcessMemory ou WriteProcessMemory a été effectuée. (0x12B)
[0820/040937.105:ERROR:process_memory_win.cc(73)] ReadMemory at 0x23c1fc24ea0 of 512 bytes failed: Seule une partie d’une requête ReadProcessMemory ou WriteProcessMemory a été effectuée. (0x12B)
[0820/040937.105:ERROR:process_memory_win.cc(73)] ReadMemory at 0x23c1fc69680 of 512 bytes failed: Seule une partie d’une requête ReadProcessMemory ou WriteProcessMemory a été effectuée. (0x12B)
[0820/040937.105:ERROR:process_memory_win.cc(73)] ReadMemory at 0x23c1fcf70a0 of 512 bytes failed: Seule une partie d’une requête ReadProcessMemory ou WriteProcessMemory a été effectuée. (0x12B)
[0820/040937.105:ERROR:process_memory_win.cc(73)] ReadMemory at 0x23c1fe16ea0 of 512 bytes failed: Seule une partie d’une requête ReadProcessMemory ou WriteProcessMemory a été effectuée. (0x12B)
[0820/040937.105:ERROR:process_memory_win.cc(73)] ReadMemory at 0x23c1fe35438 of 512 bytes failed: Seule une partie d’une requête ReadProcessMemory ou WriteProcessMemory a été effectuée. (0x12B)
[0820/040937.105:ERROR:process_memory_win.cc(73)] ReadMemory at 0x7ffbf964979c of 512 bytes failed: Seule une partie d’une requête ReadProcessMemory ou WriteProcessMemory a été effectuée. (0x12B)
[0820/040937.105:ERROR:process_memory_win.cc(73)] ReadMemory at 0x7ffbf9e037d2 of 553 bytes failed: Seule une partie d’une requête ReadProcessMemory ou WriteProcessMemory a été effectuée. (0x12B)
[0820/040937.105:ERROR:process_memory_win.cc(73)] ReadMemory at 0x7ffbfaa99fe6 of 512 bytes failed: Seule une partie d’une requête ReadProcessMemory ou WriteProcessMemory a été effectuée. (0x12B)
[0820/040937.105:ERROR:process_memory_win.cc(73)] ReadMemory at 0x7ffc6caac720 of 512 bytes failed: Seule une partie d’une requête ReadProcessMemory ou WriteProcessMemory a été effectuée. (0x12B)
[0820/040937.105:ERROR:process_memory_win.cc(73)] ReadMemory at 0x7ffc6ff5c074 of 672 bytes failed: Seule une partie d’une requête ReadProcessMemory ou WriteProcessMemory a été effectuée. (0x12B)
[0820/040937.105:ERROR:process_memory_win.cc(73)] ReadMemory at 0x7ffc6ff5c674 of 512 bytes failed: Seule une partie d’une requête ReadProcessMemory ou WriteProcessMemory a été effectuée. (0x12B)
[0820/040937.105:ERROR:process_memory_win.cc(73)] ReadMemory at 0x7ffc6ff5f924 of 608 bytes failed: Seule une partie d’une requête ReadProcessMemory ou WriteProcessMemory a été effectuée. (0x12B)
[0820/040937.105:ERROR:process_memory_win.cc(73)] ReadMemory at 0x7ffc6ffec428 of 18 bytes failed: Seule une partie d’une requête ReadProcessMemory ou WriteProcessMemory a été effectuée. (0x12B)
[0820/040937.106:ERROR:process_memory_win.cc(73)] ReadMemory at 0x7ffc7001f4f8 of 40 bytes failed: Seule une partie d’une requête ReadProcessMemory ou WriteProcessMemory a été effectuée. (0x12B)
[0820/040937.106:ERROR:process_memory_win.cc(73)] ReadMemory at 0x7ffc7001f978 of 48 bytes failed: Seule une partie d’une requête ReadProcessMemory ou WriteProcessMemory a été effectuée. (0x12B)
[0820/040937.106:ERROR:process_memory_win.cc(73)] ReadMemory at 0x7ffc700253c0 of 64 bytes failed: Seule une partie d’une requête ReadProcessMemory ou WriteProcessMemory a été effectuée. (0x12B)
[0820/040937.107:ERROR:scoped_process_suspend.cc(40)] NtResumeProcess: Tentative d’accès à un processus en cours d’arrêt. (0xc000010a)
